<?xml version="1.0" encoding="UTF-8"?>
<testng-results ignored="0" total="1" passed="1" failed="0" skipped="0">
  <reporter-output>
  </reporter-output>
  <suite started-at="2024-01-11T05:24:51Z" name="Default suite" finished-at="2024-01-11T05:25:07Z" duration-ms="15585">
    <groups>
    </groups>
    <test started-at="2024-01-11T05:24:51Z" name="Default test" finished-at="2024-01-11T05:25:07Z" duration-ms="15585">
      <class name="HandlingWindows.WindowHandle">
        <test-method signature="addn()[pri:0, instance:HandlingWindows.WindowHandle@790da477]" started-at="2024-01-11T05:24:51Z" name="addn" finished-at="2024-01-11T05:25:07Z" duration-ms="15562" status="PASS">
          <reporter-output>
          </reporter-output>
        </test-method> <!-- addn -->
      </class> <!-- HandlingWindows.WindowHandle -->
    </test> <!-- Default test -->
  </suite> <!-- Default suite -->
</testng-results>
